Copyright 1986-2022 Xilinx, Inc. All Rights Reserved. Copyright 2022-2023 Advanced Micro Devices, Inc. All Rights Reserved.
---------------------------------------------------------------------------------------------------------------------------------------------------------------------------------------------------------------------------------------
| Tool Version : Vivado v.2023.2 (lin64) Build 4029153 Fri Oct 13 20:13:54 MDT 2023
| Date         : Thu Mar 12 12:31:02 2026
| Host         : 1N13490K44 running 64-bit Ubuntu 22.04.5 LTS
| Command      : report_timing_summary -max_paths 10 -report_unconstrained -file second_largest_timing_summary_routed.rpt -pb second_largest_timing_summary_routed.pb -rpx second_largest_timing_summary_routed.rpx -warn_on_violation
| Design       : second_largest
| Device       : 7z045-ffg900
| Speed File   : -2  PRODUCTION 1.12 2019-11-22
| Design State : Routed
---------------------------------------------------------------------------------------------------------------------------------------------------------------------------------------------------------------------------------------

Timing Summary Report

------------------------------------------------------------------------------------------------
| Timer Settings
| --------------
------------------------------------------------------------------------------------------------

  Enable Multi Corner Analysis               :  Yes
  Enable Pessimism Removal                   :  Yes
  Pessimism Removal Resolution               :  Nearest Common Node
  Enable Input Delay Default Clock           :  No
  Enable Preset / Clear Arcs                 :  No
  Disable Flight Delays                      :  No
  Ignore I/O Paths                           :  No
  Timing Early Launch at Borrowing Latches   :  No
  Borrow Time for Max Delay Exceptions       :  Yes
  Merge Timing Exceptions                    :  Yes
  Inter-SLR Compensation                     :  Conservative

  Corner  Analyze    Analyze    
  Name    Max Paths  Min Paths  
  ------  ---------  ---------  
  Slow    Yes        Yes        
  Fast    Yes        Yes        


------------------------------------------------------------------------------------------------
| Report Methodology
| ------------------
------------------------------------------------------------------------------------------------

Rule       Severity          Description                  Violations  
---------  ----------------  ---------------------------  ----------  
TIMING-17  Critical Warning  Non-clocked sequential cell  16          

Note: This report is based on the most recent report_methodology run and may not be up-to-date. Run report_methodology on the current design for the latest report.



check_timing report

Table of Contents
-----------------
1. checking no_clock (16)
2. checking constant_clock (0)
3. checking pulse_width_clock (0)
4. checking unconstrained_internal_endpoints (48)
5. checking no_input_delay (9)
6. checking no_output_delay (8)
7. checking multiple_clock (0)
8. checking generated_clocks (0)
9. checking loops (0)
10. checking partial_input_delay (0)
11. checking partial_output_delay (0)
12. checking latch_loops (0)

1. checking no_clock (16)
-------------------------
 There are 16 register/latch pins with no clock driven by root clock pin: clk (HIGH)


2. checking constant_clock (0)
------------------------------
 There are 0 register/latch pins with constant_clock.


3. checking pulse_width_clock (0)
---------------------------------
 There are 0 register/latch pins which need pulse_width check


4. checking unconstrained_internal_endpoints (48)
-------------------------------------------------
 There are 48 pins that are not constrained for maximum delay. (HIGH)

 There are 0 pins that are not constrained for maximum delay due to constant clock.


5. checking no_input_delay (9)
------------------------------
 There are 9 input ports with no input delay specified. (HIGH)

 There are 0 input ports with no input delay but user has a false path constraint.


6. checking no_output_delay (8)
-------------------------------
 There are 8 ports with no output delay specified. (HIGH)

 There are 0 ports with no output delay but user has a false path constraint

 There are 0 ports with no output delay but with a timing clock defined on it or propagating through it


7. checking multiple_clock (0)
------------------------------
 There are 0 register/latch pins with multiple clocks.


8. checking generated_clocks (0)
--------------------------------
 There are 0 generated clocks that are not connected to a clock source.


9. checking loops (0)
---------------------
 There are 0 combinational loops in the design.


10. checking partial_input_delay (0)
------------------------------------
 There are 0 input ports with partial input delay specified.


11. checking partial_output_delay (0)
-------------------------------------
 There are 0 ports with partial output delay specified.


12. checking latch_loops (0)
----------------------------
 There are 0 combinational latch loops in the design through latch input



------------------------------------------------------------------------------------------------
| Design Timing Summary
| ---------------------
------------------------------------------------------------------------------------------------

    WNS(ns)      TNS(ns)  TNS Failing Endpoints  TNS Total Endpoints      WHS(ns)      THS(ns)  THS Failing Endpoints  THS Total Endpoints     WPWS(ns)     TPWS(ns)  TPWS Failing Endpoints  TPWS Total Endpoints  
    -------      -------  ---------------------  -------------------      -------      -------  ---------------------  -------------------     --------     --------  ----------------------  --------------------  
        inf        0.000                      0                   56          inf        0.000                      0                   56           NA           NA                      NA                    NA  


There are no user specified timing constraints.


------------------------------------------------------------------------------------------------
| Clock Summary
| -------------
------------------------------------------------------------------------------------------------


------------------------------------------------------------------------------------------------
| Intra Clock Table
| -----------------
------------------------------------------------------------------------------------------------

Clock             WNS(ns)      TNS(ns)  TNS Failing Endpoints  TNS Total Endpoints      WHS(ns)      THS(ns)  THS Failing Endpoints  THS Total Endpoints     WPWS(ns)     TPWS(ns)  TPWS Failing Endpoints  TPWS Total Endpoints  
-----             -------      -------  ---------------------  -------------------      -------      -------  ---------------------  -------------------     --------     --------  ----------------------  --------------------  


------------------------------------------------------------------------------------------------
| Inter Clock Table
| -----------------
------------------------------------------------------------------------------------------------

From Clock    To Clock          WNS(ns)      TNS(ns)  TNS Failing Endpoints  TNS Total Endpoints      WHS(ns)      THS(ns)  THS Failing Endpoints  THS Total Endpoints  
----------    --------          -------      -------  ---------------------  -------------------      -------      -------  ---------------------  -------------------  


------------------------------------------------------------------------------------------------
| Other Path Groups Table
| -----------------------
------------------------------------------------------------------------------------------------

Path Group    From Clock    To Clock          WNS(ns)      TNS(ns)  TNS Failing Endpoints  TNS Total Endpoints      WHS(ns)      THS(ns)  THS Failing Endpoints  THS Total Endpoints  
----------    ----------    --------          -------      -------  ---------------------  -------------------      -------      -------  ---------------------  -------------------  


------------------------------------------------------------------------------------------------
| User Ignored Path Table
| -----------------------
------------------------------------------------------------------------------------------------

Path Group    From Clock    To Clock    
----------    ----------    --------    


------------------------------------------------------------------------------------------------
| Unconstrained Path Table
| ------------------------
------------------------------------------------------------------------------------------------

Path Group    From Clock    To Clock    
----------    ----------    --------    
(none)                                    


------------------------------------------------------------------------------------------------
| Timing Details
| --------------
------------------------------------------------------------------------------------------------


--------------------------------------------------------------------------------------
Path Group:  (none)
From Clock:  
  To Clock:  

Max Delay            56 Endpoints
Min Delay            56 Endpoints
--------------------------------------------------------------------------------------


Max Delay Paths
--------------------------------------------------------------------------------------
Slack:                    inf
  Source:                 second_largest_reg[7]/C
                            (rising edge-triggered cell FDRE)
  Destination:            DOUT[7]
                            (output port)
  Path Group:             (none)
  Path Type:              Max at Slow Process Corner
  Data Path Delay:        4.439ns  (logic 2.750ns (61.949%)  route 1.689ns (38.051%))
  Logic Levels:           2  (FDRE=1 OBUF=1)

    Location             Delay type                Incr(ns)  Path(ns)    Netlist Resource(s)
  -------------------------------------------------------------------    -------------------
    SLICE_X0Y32          FDRE                         0.000     0.000 r  second_largest_reg[7]/C
    SLICE_X0Y32          FDRE (Prop_fdre_C_Q)         0.236     0.236 r  second_largest_reg[7]/Q
                         net (fo=3, routed)           1.689     1.925    DOUT_OBUF[7]
    AC12                 OBUF (Prop_obuf_I_O)         2.514     4.439 r  DOUT_OBUF[7]_inst/O
                         net (fo=0)                   0.000     4.439    DOUT[7]
    AC12                                                              r  DOUT[7] (OUT)
  -------------------------------------------------------------------    -------------------

Slack:                    inf
  Source:                 second_largest_reg[5]/C
                            (rising edge-triggered cell FDRE)
  Destination:            DOUT[5]
                            (output port)
  Path Group:             (none)
  Path Type:              Max at Slow Process Corner
  Data Path Delay:        4.395ns  (logic 2.712ns (61.696%)  route 1.684ns (38.304%))
  Logic Levels:           2  (FDRE=1 OBUF=1)

    Location             Delay type                Incr(ns)  Path(ns)    Netlist Resource(s)
  -------------------------------------------------------------------    -------------------
    SLICE_X0Y32          FDRE                         0.000     0.000 r  second_largest_reg[5]/C
    SLICE_X0Y32          FDRE (Prop_fdre_C_Q)         0.236     0.236 r  second_largest_reg[5]/Q
                         net (fo=3, routed)           1.684     1.920    DOUT_OBUF[5]
    AB14                 OBUF (Prop_obuf_I_O)         2.476     4.395 r  DOUT_OBUF[5]_inst/O
                         net (fo=0)                   0.000     4.395    DOUT[5]
    AB14                                                              r  DOUT[5] (OUT)
  -------------------------------------------------------------------    -------------------

Slack:                    inf
  Source:                 second_largest_reg[3]/C
                            (rising edge-triggered cell FDRE)
  Destination:            DOUT[3]
                            (output port)
  Path Group:             (none)
  Path Type:              Max at Slow Process Corner
  Data Path Delay:        4.381ns  (logic 2.713ns (61.919%)  route 1.669ns (38.081%))
  Logic Levels:           2  (FDRE=1 OBUF=1)

    Location             Delay type                Incr(ns)  Path(ns)    Netlist Resource(s)
  -------------------------------------------------------------------    -------------------
    SLICE_X0Y32          FDRE                         0.000     0.000 r  second_largest_reg[3]/C
    SLICE_X0Y32          FDRE (Prop_fdre_C_Q)         0.236     0.236 r  second_largest_reg[3]/Q
                         net (fo=3, routed)           1.669     1.905    DOUT_OBUF[3]
    AC16                 OBUF (Prop_obuf_I_O)         2.477     4.381 r  DOUT_OBUF[3]_inst/O
                         net (fo=0)                   0.000     4.381    DOUT[3]
    AC16                                                              r  DOUT[3] (OUT)
  -------------------------------------------------------------------    -------------------

Slack:                    inf
  Source:                 second_largest_reg[4]/C
                            (rising edge-triggered cell FDRE)
  Destination:            DOUT[4]
                            (output port)
  Path Group:             (none)
  Path Type:              Max at Slow Process Corner
  Data Path Delay:        4.342ns  (logic 2.652ns (61.074%)  route 1.690ns (38.926%))
  Logic Levels:           2  (FDRE=1 OBUF=1)

    Location             Delay type                Incr(ns)  Path(ns)    Netlist Resource(s)
  -------------------------------------------------------------------    -------------------
    SLICE_X0Y32          FDRE                         0.000     0.000 r  second_largest_reg[4]/C
    SLICE_X0Y32          FDRE (Prop_fdre_C_Q)         0.259     0.259 r  second_largest_reg[4]/Q
                         net (fo=3, routed)           1.690     1.949    DOUT_OBUF[4]
    AC17                 OBUF (Prop_obuf_I_O)         2.393     4.342 r  DOUT_OBUF[4]_inst/O
                         net (fo=0)                   0.000     4.342    DOUT[4]
    AC17                                                              r  DOUT[4] (OUT)
  -------------------------------------------------------------------    -------------------

Slack:                    inf
  Source:                 second_largest_reg[6]/C
                            (rising edge-triggered cell FDRE)
  Destination:            DOUT[6]
                            (output port)
  Path Group:             (none)
  Path Type:              Max at Slow Process Corner
  Data Path Delay:        4.339ns  (logic 2.650ns (61.080%)  route 1.689ns (38.920%))
  Logic Levels:           2  (FDRE=1 OBUF=1)

    Location             Delay type                Incr(ns)  Path(ns)    Netlist Resource(s)
  -------------------------------------------------------------------    -------------------
    SLICE_X0Y32          FDRE                         0.000     0.000 r  second_largest_reg[6]/C
    SLICE_X0Y32          FDRE (Prop_fdre_C_Q)         0.259     0.259 r  second_largest_reg[6]/Q
                         net (fo=3, routed)           1.689     1.948    DOUT_OBUF[6]
    AB15                 OBUF (Prop_obuf_I_O)         2.391     4.339 r  DOUT_OBUF[6]_inst/O
                         net (fo=0)                   0.000     4.339    DOUT[6]
    AB15                                                              r  DOUT[6] (OUT)
  -------------------------------------------------------------------    -------------------

Slack:                    inf
  Source:                 second_largest_reg[1]/C
                            (rising edge-triggered cell FDRE)
  Destination:            DOUT[1]
                            (output port)
  Path Group:             (none)
  Path Type:              Max at Slow Process Corner
  Data Path Delay:        4.278ns  (logic 2.709ns (63.328%)  route 1.569ns (36.672%))
  Logic Levels:           2  (FDRE=1 OBUF=1)

    Location             Delay type                Incr(ns)  Path(ns)    Netlist Resource(s)
  -------------------------------------------------------------------    -------------------
    SLICE_X0Y32          FDRE                         0.000     0.000 r  second_largest_reg[1]/C
    SLICE_X0Y32          FDRE (Prop_fdre_C_Q)         0.236     0.236 r  second_largest_reg[1]/Q
                         net (fo=3, routed)           1.569     1.805    DOUT_OBUF[1]
    AB16                 OBUF (Prop_obuf_I_O)         2.473     4.278 r  DOUT_OBUF[1]_inst/O
                         net (fo=0)                   0.000     4.278    DOUT[1]
    AB16                                                              r  DOUT[1] (OUT)
  -------------------------------------------------------------------    -------------------

Slack:                    inf
  Source:                 second_largest_reg[2]/C
                            (rising edge-triggered cell FDRE)
  Destination:            DOUT[2]
                            (output port)
  Path Group:             (none)
  Path Type:              Max at Slow Process Corner
  Data Path Delay:        4.214ns  (logic 2.653ns (62.972%)  route 1.560ns (37.028%))
  Logic Levels:           2  (FDRE=1 OBUF=1)

    Location             Delay type                Incr(ns)  Path(ns)    Netlist Resource(s)
  -------------------------------------------------------------------    -------------------
    SLICE_X0Y32          FDRE                         0.000     0.000 r  second_largest_reg[2]/C
    SLICE_X0Y32          FDRE (Prop_fdre_C_Q)         0.259     0.259 r  second_largest_reg[2]/Q
                         net (fo=3, routed)           1.560     1.819    DOUT_OBUF[2]
    AB17                 OBUF (Prop_obuf_I_O)         2.394     4.214 r  DOUT_OBUF[2]_inst/O
                         net (fo=0)                   0.000     4.214    DOUT[2]
    AB17                                                              r  DOUT[2] (OUT)
  -------------------------------------------------------------------    -------------------

Slack:                    inf
  Source:                 second_largest_reg[0]/C
                            (rising edge-triggered cell FDRE)
  Destination:            DOUT[0]
                            (output port)
  Path Group:             (none)
  Path Type:              Max at Slow Process Corner
  Data Path Delay:        4.204ns  (logic 2.641ns (62.805%)  route 1.564ns (37.195%))
  Logic Levels:           2  (FDRE=1 OBUF=1)

    Location             Delay type                Incr(ns)  Path(ns)    Netlist Resource(s)
  -------------------------------------------------------------------    -------------------
    SLICE_X0Y32          FDRE                         0.000     0.000 r  second_largest_reg[0]/C
    SLICE_X0Y32          FDRE (Prop_fdre_C_Q)         0.259     0.259 r  second_largest_reg[0]/Q
                         net (fo=3, routed)           1.564     1.823    DOUT_OBUF[0]
    AA17                 OBUF (Prop_obuf_I_O)         2.382     4.204 r  DOUT_OBUF[0]_inst/O
                         net (fo=0)                   0.000     4.204    DOUT[0]
    AA17                                                              r  DOUT[0] (OUT)
  -------------------------------------------------------------------    -------------------

Slack:                    inf
  Source:                 DIN[0]
                            (input port)
  Destination:            second_largest_reg[0]/CE
  Path Group:             (none)
  Path Type:              Max at Slow Process Corner
  Data Path Delay:        3.320ns  (logic 1.060ns (31.918%)  route 2.261ns (68.082%))
  Logic Levels:           4  (CARRY4=1 IBUF=1 LUT3=1 LUT4=1)

    Location             Delay type                Incr(ns)  Path(ns)    Netlist Resource(s)
  -------------------------------------------------------------------    -------------------
    AE20                                              0.000     0.000 r  DIN[0] (IN)
                         net (fo=0)                   0.000     0.000    DIN[0]
    AE20                 IBUF (Prop_ibuf_I_O)         0.715     0.715 r  DIN_IBUF[0]_inst/O
                         net (fo=8, routed)           1.478     2.193    DIN_IBUF[0]
    SLICE_X1Y31          LUT4 (Prop_lut4_I0_O)        0.043     2.236 r  largest[7]_i_10/O
                         net (fo=1, routed)           0.000     2.236    largest[7]_i_10_n_0
    SLICE_X1Y31          CARRY4 (Prop_carry4_S[0]_CO[3])
                                                      0.259     2.495 r  largest_reg[7]_i_2/CO[3]
                         net (fo=17, routed)          0.497     2.992    largest_reg[7]_i_2_n_0
    SLICE_X0Y31          LUT3 (Prop_lut3_I2_O)        0.043     3.035 r  second_largest[7]_i_1/O
                         net (fo=8, routed)           0.285     3.320    second_largest[7]_i_1_n_0
    SLICE_X0Y32          FDRE                                         r  second_largest_reg[0]/CE
  -------------------------------------------------------------------    -------------------

Slack:                    inf
  Source:                 DIN[0]
                            (input port)
  Destination:            second_largest_reg[1]/CE
  Path Group:             (none)
  Path Type:              Max at Slow Process Corner
  Data Path Delay:        3.320ns  (logic 1.060ns (31.918%)  route 2.261ns (68.082%))
  Logic Levels:           4  (CARRY4=1 IBUF=1 LUT3=1 LUT4=1)

    Location             Delay type                Incr(ns)  Path(ns)    Netlist Resource(s)
  -------------------------------------------------------------------    -------------------
    AE20                                              0.000     0.000 r  DIN[0] (IN)
                         net (fo=0)                   0.000     0.000    DIN[0]
    AE20                 IBUF (Prop_ibuf_I_O)         0.715     0.715 r  DIN_IBUF[0]_inst/O
                         net (fo=8, routed)           1.478     2.193    DIN_IBUF[0]
    SLICE_X1Y31          LUT4 (Prop_lut4_I0_O)        0.043     2.236 r  largest[7]_i_10/O
                         net (fo=1, routed)           0.000     2.236    largest[7]_i_10_n_0
    SLICE_X1Y31          CARRY4 (Prop_carry4_S[0]_CO[3])
                                                      0.259     2.495 r  largest_reg[7]_i_2/CO[3]
                         net (fo=17, routed)          0.497     2.992    largest_reg[7]_i_2_n_0
    SLICE_X0Y31          LUT3 (Prop_lut3_I2_O)        0.043     3.035 r  second_largest[7]_i_1/O
                         net (fo=8, routed)           0.285     3.320    second_largest[7]_i_1_n_0
    SLICE_X0Y32          FDRE                                         r  second_largest_reg[1]/CE
  -------------------------------------------------------------------    -------------------





Min Delay Paths
--------------------------------------------------------------------------------------
Slack:                    inf
  Source:                 largest_reg[1]/C
                            (rising edge-triggered cell FDRE)
  Destination:            second_largest_reg[1]/D
  Path Group:             (none)
  Path Type:              Min at Fast Process Corner
  Data Path Delay:        0.309ns  (logic 0.129ns (41.773%)  route 0.180ns (58.228%))
  Logic Levels:           2  (FDRE=1 LUT3=1)

    Location             Delay type                Incr(ns)  Path(ns)    Netlist Resource(s)
  -------------------------------------------------------------------    -------------------
    SLICE_X1Y31          FDRE                         0.000     0.000 r  largest_reg[1]/C
    SLICE_X1Y31          FDRE (Prop_fdre_C_Q)         0.100     0.100 r  largest_reg[1]/Q
                         net (fo=5, routed)           0.180     0.280    largest[1]
    SLICE_X0Y32          LUT3 (Prop_lut3_I0_O)        0.029     0.309 r  second_largest[1]_i_1/O
                         net (fo=1, routed)           0.000     0.309    p_2_in[1]
    SLICE_X0Y32          FDRE                                         r  second_largest_reg[1]/D
  -------------------------------------------------------------------    -------------------

Slack:                    inf
  Source:                 largest_reg[2]/C
                            (rising edge-triggered cell FDRE)
  Destination:            second_largest_reg[2]/D
  Path Group:             (none)
  Path Type:              Min at Fast Process Corner
  Data Path Delay:        0.314ns  (logic 0.128ns (40.727%)  route 0.186ns (59.273%))
  Logic Levels:           2  (FDRE=1 LUT3=1)

    Location             Delay type                Incr(ns)  Path(ns)    Netlist Resource(s)
  -------------------------------------------------------------------    -------------------
    SLICE_X1Y31          FDRE                         0.000     0.000 r  largest_reg[2]/C
    SLICE_X1Y31          FDRE (Prop_fdre_C_Q)         0.100     0.100 r  largest_reg[2]/Q
                         net (fo=5, routed)           0.186     0.286    largest[2]
    SLICE_X0Y32          LUT3 (Prop_lut3_I0_O)        0.028     0.314 r  second_largest[2]_i_1/O
                         net (fo=1, routed)           0.000     0.314    p_2_in[2]
    SLICE_X0Y32          FDRE                                         r  second_largest_reg[2]/D
  -------------------------------------------------------------------    -------------------

Slack:                    inf
  Source:                 largest_reg[5]/C
                            (rising edge-triggered cell FDRE)
  Destination:            second_largest_reg[5]/D
  Path Group:             (none)
  Path Type:              Min at Fast Process Corner
  Data Path Delay:        0.378ns  (logic 0.148ns (39.178%)  route 0.230ns (60.822%))
  Logic Levels:           2  (FDRE=1 LUT3=1)

    Location             Delay type                Incr(ns)  Path(ns)    Netlist Resource(s)
  -------------------------------------------------------------------    -------------------
    SLICE_X0Y31          FDRE                         0.000     0.000 r  largest_reg[5]/C
    SLICE_X0Y31          FDRE (Prop_fdre_C_Q)         0.118     0.118 r  largest_reg[5]/Q
                         net (fo=5, routed)           0.230     0.348    largest[5]
    SLICE_X0Y32          LUT3 (Prop_lut3_I0_O)        0.030     0.378 r  second_largest[5]_i_1/O
                         net (fo=1, routed)           0.000     0.378    p_2_in[5]
    SLICE_X0Y32          FDRE                                         r  second_largest_reg[5]/D
  -------------------------------------------------------------------    -------------------

Slack:                    inf
  Source:                 largest_reg[0]/C
                            (rising edge-triggered cell FDRE)
  Destination:            second_largest_reg[0]/D
  Path Group:             (none)
  Path Type:              Min at Fast Process Corner
  Data Path Delay:        0.413ns  (logic 0.128ns (31.027%)  route 0.285ns (68.973%))
  Logic Levels:           2  (FDRE=1 LUT3=1)

    Location             Delay type                Incr(ns)  Path(ns)    Netlist Resource(s)
  -------------------------------------------------------------------    -------------------
    SLICE_X1Y31          FDRE                         0.000     0.000 r  largest_reg[0]/C
    SLICE_X1Y31          FDRE (Prop_fdre_C_Q)         0.100     0.100 r  largest_reg[0]/Q
                         net (fo=5, routed)           0.285     0.385    largest[0]
    SLICE_X0Y32          LUT3 (Prop_lut3_I0_O)        0.028     0.413 r  second_largest[0]_i_1/O
                         net (fo=1, routed)           0.000     0.413    p_2_in[0]
    SLICE_X0Y32          FDRE                                         r  second_largest_reg[0]/D
  -------------------------------------------------------------------    -------------------

Slack:                    inf
  Source:                 largest_reg[3]/C
                            (rising edge-triggered cell FDRE)
  Destination:            second_largest_reg[3]/D
  Path Group:             (none)
  Path Type:              Min at Fast Process Corner
  Data Path Delay:        0.420ns  (logic 0.129ns (30.725%)  route 0.291ns (69.275%))
  Logic Levels:           2  (FDRE=1 LUT3=1)

    Location             Delay type                Incr(ns)  Path(ns)    Netlist Resource(s)
  -------------------------------------------------------------------    -------------------
    SLICE_X1Y31          FDRE                         0.000     0.000 r  largest_reg[3]/C
    SLICE_X1Y31          FDRE (Prop_fdre_C_Q)         0.100     0.100 r  largest_reg[3]/Q
                         net (fo=5, routed)           0.291     0.391    largest[3]
    SLICE_X0Y32          LUT3 (Prop_lut3_I0_O)        0.029     0.420 r  second_largest[3]_i_1/O
                         net (fo=1, routed)           0.000     0.420    p_2_in[3]
    SLICE_X0Y32          FDRE                                         r  second_largest_reg[3]/D
  -------------------------------------------------------------------    -------------------

Slack:                    inf
  Source:                 largest_reg[6]/C
                            (rising edge-triggered cell FDRE)
  Destination:            second_largest_reg[6]/D
  Path Group:             (none)
  Path Type:              Min at Fast Process Corner
  Data Path Delay:        0.431ns  (logic 0.146ns (33.869%)  route 0.285ns (66.131%))
  Logic Levels:           2  (FDRE=1 LUT3=1)

    Location             Delay type                Incr(ns)  Path(ns)    Netlist Resource(s)
  -------------------------------------------------------------------    -------------------
    SLICE_X0Y31          FDRE                         0.000     0.000 r  largest_reg[6]/C
    SLICE_X0Y31          FDRE (Prop_fdre_C_Q)         0.118     0.118 r  largest_reg[6]/Q
                         net (fo=5, routed)           0.285     0.403    largest[6]
    SLICE_X0Y32          LUT3 (Prop_lut3_I0_O)        0.028     0.431 r  second_largest[6]_i_1/O
                         net (fo=1, routed)           0.000     0.431    p_2_in[6]
    SLICE_X0Y32          FDRE                                         r  second_largest_reg[6]/D
  -------------------------------------------------------------------    -------------------

Slack:                    inf
  Source:                 DIN[6]
                            (input port)
  Destination:            largest_reg[6]/D
  Path Group:             (none)
  Path Type:              Min at Fast Process Corner
  Data Path Delay:        0.466ns  (logic 0.062ns (13.401%)  route 0.403ns (86.599%))
  Logic Levels:           1  (IBUF=1)

    Location             Delay type                Incr(ns)  Path(ns)    Netlist Resource(s)
  -------------------------------------------------------------------    -------------------
    AD19                                              0.000     0.000 r  DIN[6] (IN)
                         net (fo=0)                   0.000     0.000    DIN[6]
    AD19                 IBUF (Prop_ibuf_I_O)         0.062     0.062 r  DIN_IBUF[6]_inst/O
                         net (fo=8, routed)           0.403     0.466    DIN_IBUF[6]
    SLICE_X0Y31          FDRE                                         r  largest_reg[6]/D
  -------------------------------------------------------------------    -------------------

Slack:                    inf
  Source:                 largest_reg[7]/C
                            (rising edge-triggered cell FDRE)
  Destination:            second_largest_reg[7]/D
  Path Group:             (none)
  Path Type:              Min at Fast Process Corner
  Data Path Delay:        0.492ns  (logic 0.147ns (29.872%)  route 0.345ns (70.128%))
  Logic Levels:           2  (FDRE=1 LUT3=1)

    Location             Delay type                Incr(ns)  Path(ns)    Netlist Resource(s)
  -------------------------------------------------------------------    -------------------
    SLICE_X0Y31          FDRE                         0.000     0.000 r  largest_reg[7]/C
    SLICE_X0Y31          FDRE (Prop_fdre_C_Q)         0.118     0.118 r  largest_reg[7]/Q
                         net (fo=5, routed)           0.345     0.463    largest[7]
    SLICE_X0Y32          LUT3 (Prop_lut3_I0_O)        0.029     0.492 r  second_largest[7]_i_2/O
                         net (fo=1, routed)           0.000     0.492    p_2_in[7]
    SLICE_X0Y32          FDRE                                         r  second_largest_reg[7]/D
  -------------------------------------------------------------------    -------------------

Slack:                    inf
  Source:                 DIN[4]
                            (input port)
  Destination:            largest_reg[4]/D
  Path Group:             (none)
  Path Type:              Min at Fast Process Corner
  Data Path Delay:        0.534ns  (logic 0.072ns (13.493%)  route 0.462ns (86.507%))
  Logic Levels:           1  (IBUF=1)

    Location             Delay type                Incr(ns)  Path(ns)    Netlist Resource(s)
  -------------------------------------------------------------------    -------------------
    AA19                                              0.000     0.000 r  DIN[4] (IN)
                         net (fo=0)                   0.000     0.000    DIN[4]
    AA19                 IBUF (Prop_ibuf_I_O)         0.072     0.072 r  DIN_IBUF[4]_inst/O
                         net (fo=8, routed)           0.462     0.534    DIN_IBUF[4]
    SLICE_X0Y31          FDRE                                         r  largest_reg[4]/D
  -------------------------------------------------------------------    -------------------

Slack:                    inf
  Source:                 largest_reg[7]/C
                            (rising edge-triggered cell FDRE)
  Destination:            largest_reg[4]/CE
  Path Group:             (none)
  Path Type:              Min at Fast Process Corner
  Data Path Delay:        0.555ns  (logic 0.217ns (39.107%)  route 0.338ns (60.893%))
  Logic Levels:           3  (CARRY4=1 FDRE=1 LUT4=1)

    Location             Delay type                Incr(ns)  Path(ns)    Netlist Resource(s)
  -------------------------------------------------------------------    -------------------
    SLICE_X0Y31          FDRE                         0.000     0.000 r  largest_reg[7]/C
    SLICE_X0Y31          FDRE (Prop_fdre_C_Q)         0.118     0.118 f  largest_reg[7]/Q
                         net (fo=5, routed)           0.092     0.210    largest[7]
    SLICE_X1Y31          LUT4 (Prop_lut4_I2_O)        0.030     0.240 r  largest[7]_i_3/O
                         net (fo=1, routed)           0.000     0.240    largest[7]_i_3_n_0
    SLICE_X1Y31          CARRY4 (Prop_carry4_DI[3]_CO[3])
                                                      0.069     0.309 r  largest_reg[7]_i_2/CO[3]
                         net (fo=17, routed)          0.246     0.555    largest_reg[7]_i_2_n_0
    SLICE_X0Y31          FDRE                                         r  largest_reg[4]/CE
  -------------------------------------------------------------------    -------------------





