Time resolution is 1 ps
P1
enc_out[0]
enc_out[2]
enc_out[4]
enc_out[6]
enc_out[8]
enc_out[10]
enc_out[12]
enc_out[14]
enc_out[16]
enc_out[18]
enc_out[20]
enc_out[22]
enc_out[24]
enc_out[26]
enc_out[28]
enc_out[30]
enc_out[32]
enc_out[34]
enc_out[36]
P2
enc_out[1]
enc_out[2]
enc_out[5]
enc_out[6]
enc_out[9]
enc_out[10]
enc_out[13]
enc_out[14]
enc_out[17]
enc_out[18]
enc_out[21]
enc_out[22]
enc_out[25]
enc_out[26]
enc_out[29]
enc_out[30]
enc_out[33]
enc_out[34]
enc_out[37]
P4
enc_out[3]
enc_out[4]
enc_out[5]
enc_out[6]
enc_out[11]
enc_out[12]
enc_out[13]
enc_out[14]
enc_out[19]
enc_out[20]
enc_out[21]
enc_out[22]
enc_out[27]
enc_out[28]
enc_out[29]
enc_out[30]
enc_out[35]
enc_out[36]
enc_out[37]
P8
enc_out[7]
enc_out[8]
enc_out[9]
enc_out[10]
enc_out[11]
enc_out[12]
enc_out[13]
enc_out[14]
enc_out[23]
enc_out[24]
enc_out[25]
enc_out[26]
enc_out[27]
enc_out[28]
enc_out[29]
enc_out[30]
P16
enc_out[15]
enc_out[16]
enc_out[17]
enc_out[18]
enc_out[19]
enc_out[20]
enc_out[21]
enc_out[22]
enc_out[23]
enc_out[24]
enc_out[25]
enc_out[26]
enc_out[27]
enc_out[28]
enc_out[29]
enc_out[30]
P32
enc_out[31]
enc_out[32]
enc_out[33]
enc_out[34]
enc_out[35]
enc_out[36]
enc_out[37]
double bit error → cannot correct, raise ded_error
$finish called at time : 30 ns : File "/home/bshankar/FPGA/xilinx_testing/ECC/ecc/ecc.srcs/sim_1/new/tb.sv" Line 60
